
  [2024-09-11T11:49:19.312Z]
  URL: /api/articles/readall
  Method: GET
  Headers: {
  "user-agent": "PostmanRuntime/7.41.2",
  "accept": "*/*",
  "postman-token": "dcac9dc8-054c-46d9-b0c7-a864eeafe36a",
  "host": "127.0.0.1:3000",
  "accept-encoding": "gzip, deflate, br",
  "connection": "keep-alive"
}
  -----------------------------------
  
  [2024-09-11T11:53:55.759Z]
  URL: /api/articles/read
  Method: GET
  Headers: {
  "content-type": "application/json",
  "user-agent": "PostmanRuntime/7.41.2",
  "accept": "*/*",
  "postman-token": "201648e0-ff00-4c4c-9f82-e8c023a19892",
  "host": "127.0.0.1:3000",
  "accept-encoding": "gzip, deflate, br",
  "connection": "keep-alive",
  "content-length": "17"
}
  -----------------------------------
  
  [2024-09-11T12:05:46.994Z]
  URL: /api/articles/create
  Method: POST
  Headers: {
  "content-type": "application/json",
  "user-agent": "PostmanRuntime/7.41.2",
  "accept": "*/*",
  "postman-token": "1068e16b-0af6-4aa7-95aa-6a303b92a927",
  "host": "127.0.0.1:3000",
  "accept-encoding": "gzip, deflate, br",
  "connection": "keep-alive",
  "content-length": "236"
}
  -----------------------------------
  
  [2024-09-11T12:07:32.713Z]
  URL: /api/articles/update
  Method: PUT
  Headers: {
  "content-type": "application/json",
  "user-agent": "PostmanRuntime/7.41.2",
  "accept": "*/*",
  "postman-token": "e1e1c3b5-94b2-4d9c-b2cc-6d36e09c7c16",
  "host": "127.0.0.1:3000",
  "accept-encoding": "gzip, deflate, br",
  "connection": "keep-alive",
  "content-length": "215"
}
  -----------------------------------
  
  [2024-09-11T12:08:20.539Z]
  URL: /api/articles/delete
  Method: DELETE
  Headers: {
  "content-type": "application/json",
  "user-agent": "PostmanRuntime/7.41.2",
  "accept": "*/*",
  "postman-token": "cc9ed2d3-0269-475e-ad45-e6382e221b64",
  "host": "127.0.0.1:3000",
  "accept-encoding": "gzip, deflate, br",
  "connection": "keep-alive",
  "content-length": "17"
}
  -----------------------------------
  
  [2024-09-11T12:10:06.978Z]
  URL: /api/comments/create
  Method: POST
  Headers: {
  "content-type": "application/json",
  "user-agent": "PostmanRuntime/7.41.2",
  "accept": "*/*",
  "postman-token": "3d53092d-6460-465d-821f-544e14b6bb68",
  "host": "127.0.0.1:3000",
  "accept-encoding": "gzip, deflate, br",
  "connection": "keep-alive",
  "content-length": "147"
}
  -----------------------------------
  
  [2024-09-11T12:11:17.501Z]
  URL: /api/comments/delete
  Method: DELETE
  Headers: {
  "content-type": "application/json",
  "user-agent": "PostmanRuntime/7.41.2",
  "accept": "*/*",
  "postman-token": "b625e168-46a6-4336-b2da-4d79418aeb93",
  "host": "127.0.0.1:3000",
  "accept-encoding": "gzip, deflate, br",
  "connection": "keep-alive",
  "content-length": "19"
}
  -----------------------------------
  
  [2024-09-11T12:11:31.847Z]
  URL: /api/comments/delete
  Method: DELETE
  Headers: {
  "content-type": "application/json",
  "user-agent": "PostmanRuntime/7.41.2",
  "accept": "*/*",
  "postman-token": "da617610-44be-4386-a5b6-1cfba82967ae",
  "host": "127.0.0.1:3000",
  "accept-encoding": "gzip, deflate, br",
  "connection": "keep-alive",
  "content-length": "21"
}
  -----------------------------------
  